[06:16:47] [Render thread/INFO] ========================================
[06:16:47] [Render thread/INFO] Minecraft: 1.19.2
[06:16:47] [Render thread/INFO] Side: client
[06:16:47] [Render thread/INFO] Development: false
[06:16:47] [Render thread/INFO] Version: 9.1.595
[06:16:47] [Render thread/INFO] Loader:
[06:16:47] [Render thread/INFO] - Fabric: 0.14.19
[06:16:47] [Render thread/INFO] - Fabric API: 0.76.0+1.19.2
[06:16:47] [Render thread/INFO] Dependencies:
[06:16:47] [Render thread/INFO] - Cloth Config: 8.2.88
[06:16:47] [Render thread/INFO] - Architectury: 6.5.77
[06:16:47] [Render thread/INFO] Mixin: 0.8.5
[06:16:47] [Render thread/INFO] OS: Windows 10 10.0 (amd64)
[06:16:47] [Render thread/INFO] Java: 17.0.1 (Eclipse Adoptium)
[06:16:47] [Render thread/INFO] ========================================
[06:16:47] [Render thread/INFO] Mods:
[06:16:47] [Render thread/INFO] - additionalstructures: 4.1.1
[06:16:47] [Render thread/INFO] - advdebug: 2.3.0
[06:16:47] [Render thread/INFO] - adventurez: 1.4.17
[06:16:47] [Render thread/INFO] - alternate-current: 1.5.0
[06:16:47] [Render thread/INFO] - animatica: 0.5+1.19
[06:16:47] [Render thread/INFO] - another_furniture: 2.1.2-1.19.2
[06:16:47] [Render thread/INFO] - architects_palette: 2.1.1
[06:16:47] [Render thread/INFO] - architectury: 6.5.77
[06:16:47] [Render thread/INFO] - attributefix: 17.2.6
[06:16:47] [Render thread/INFO] - badpackets: 0.2.1
[06:16:47] [Render thread/INFO] - balm-fabric: 4.5.7
[06:16:47] [Render thread/INFO] - barteringstation: 4.0.3
[06:16:47] [Render thread/INFO] - bcc: 2.0.2-build.16+mc1.19.1
[06:16:47] [Render thread/INFO] - bclib: 2.1.6
[06:16:47] [Render thread/INFO] - beekeeperhut: 1.2.0
[06:16:47] [Render thread/INFO] - bendy-lib: 2.1.3-test2
[06:16:47] [Render thread/INFO] - betteradvancements: 0.2.2.147
[06:16:47] [Render thread/INFO] - betterdeserttemples: 1.19.2-Fabric-2.2.2
[06:16:47] [Render thread/INFO] - betterdungeons: 1.19.2-Fabric-3.2.1
[06:16:47] [Render thread/INFO] - betterend: 2.1.4
[06:16:47] [Render thread/INFO] - betterfortresses: 1.19.2-Fabric-1.0.5
[06:16:47] [Render thread/INFO] - betterfpsdist: 1.19-2.4
[06:16:47] [Render thread/INFO] - bettermineshafts: 1.19.2-Fabric-3.2.0
[06:16:47] [Render thread/INFO] - bettermounthud: 1.2.0
[06:16:47] [Render thread/INFO] - betternether: 7.1.3
[06:16:47] [Render thread/INFO] - betteroceanmonuments: 1.19.2-Fabric-2.1.0
[06:16:47] [Render thread/INFO] - betterstats: 2.4+1.19.2
[06:16:47] [Render thread/INFO] - betterstrongholds: 1.19.2-Fabric-3.2.0
[06:16:47] [Render thread/INFO] - bettertridents: 4.0.2
[06:16:47] [Render thread/INFO] - betterwitchhuts: 1.19.2-Fabric-2.1.0
[06:16:47] [Render thread/INFO] - bhmenu: 1.19.2-2.1
[06:16:47] [Render thread/INFO] - biomemakeover: 1.19.2-1.6.4
[06:16:47] [Render thread/INFO] - blue_endless_jankson: 1.2.1
[06:16:47] [Render thread/INFO] - blur: 2.6.0
[06:16:47] [Render thread/INFO] - boatbreakfix: 1.0.11
[06:16:47] [Render thread/INFO] - boatiview: 0.0.4
[06:16:47] [Render thread/INFO] - bookshelf: 16.2.18
[06:16:47] [Render thread/INFO] - bosses_of_mass_destruction: 1.4.6-1.19.2
[06:16:47] [Render thread/INFO] - bountiful: 3.0.0
[06:16:47] [Render thread/INFO] - byg: 2.0.0.13
[06:16:47] [Render thread/INFO] - bygonenether: 1.2.2
[06:16:47] [Render thread/INFO] - caffeineconfig: 1.0.0+1.17
[06:16:47] [Render thread/INFO] - cardinal-components: 5.0.2
[06:16:47] [Render thread/INFO] - cardinal-components-base: 5.0.2
[06:16:47] [Render thread/INFO] - cardinal-components-block: 5.0.2
[06:16:47] [Render thread/INFO] - cardinal-components-chunk: 5.0.2
[06:16:47] [Render thread/INFO] - cardinal-components-entity: 5.0.2
[06:16:47] [Render thread/INFO] - cardinal-components-item: 5.0.2
[06:16:47] [Render thread/INFO] - cardinal-components-level: 5.0.2
[06:16:47] [Render thread/INFO] - cardinal-components-scoreboard: 5.0.2
[06:16:47] [Render thread/INFO] - cardinal-components-world: 5.0.2
[06:16:47] [Render thread/INFO] - carryon: 2.0.4.6
[06:16:47] [Render thread/INFO] - cem: 0.7.3-1.19
[06:16:47] [Render thread/INFO] - charm: 4.4.4
[06:16:47] [Render thread/INFO] - charmofundying: 6.1.1+1.19.2
[06:16:47] [Render thread/INFO] - charmonium: 4.2.1
[06:16:47] [Render thread/INFO] - chat_heads: 0.10.9
[06:16:47] [Render thread/INFO] - chefsdelight: 1.0.2-fabric-1.19.2
[06:16:47] [Render thread/INFO] - cherishedworlds: 6.0.1+1.19.2
[06:16:47] [Render thread/INFO] - chunksfadein: 3.0.10-1.19
[06:16:47] [Render thread/INFO] - citresewn: 1.1.2+1.19.2
[06:16:47] [Render thread/INFO] - citresewn-defaults: 1.1.2+1.19.2
[06:16:47] [Render thread/INFO] - cleancut: 1.19.2-5.1-fabric
[06:16:47] [Render thread/INFO] - cloth-api: 4.0.65
[06:16:47] [Render thread/INFO] - cloth-basic-math: 0.6.1
[06:16:47] [Render thread/INFO] - cloth-client-events-v0: 4.0.65
[06:16:47] [Render thread/INFO] - cloth-common-events-v1: 4.0.65
[06:16:47] [Render thread/INFO] - cloth-config: 8.2.88
[06:16:47] [Render thread/INFO] - cloth-config: 8.2.88
[06:16:47] [Render thread/INFO] - cloth-scissors-api-v1: 4.0.65
[06:16:47] [Render thread/INFO] - cloth-utils-v1: 4.0.65
[06:16:47] [Render thread/INFO] - clumps: 9.0.0+14
[06:16:47] [Render thread/INFO] - collective: 6.53
[06:16:47] [Render thread/INFO] - colormatic: 3.1.2+mc.1.19
[06:16:47] [Render thread/INFO] - com_electronwill_night-config_core: 3.6.6
[06:16:47] [Render thread/INFO] - com_electronwill_night-config_toml: 3.6.6
[06:16:47] [Render thread/INFO] - com_eliotlash_mclib_mclib: 20
[06:16:47] [Render thread/INFO] - com_github_jctools_jctools_jctools-core: v4.0.1
[06:16:47] [Render thread/INFO] - com_github_llamalad7_mixinextras: 0.2.0-beta.6
[06:16:47] [Render thread/INFO] - com_google_code_findbugs_jsr305: 3.0.2
[06:16:47] [Render thread/INFO] - com_moandjiezana_toml_toml4j: 0.7.2
[06:16:47] [Render thread/INFO] - com_sksamuel_scrimage_scrimage-core: 4.0.31
[06:16:47] [Render thread/INFO] - com_velocitypowered_velocity-native: 3.1.2-SNAPSHOT
[06:16:47] [Render thread/INFO] - comforts: 6.0.4+1.19.2
[06:16:47] [Render thread/INFO] - completeconfig-base: 2.2.0
[06:16:47] [Render thread/INFO] - completeconfig-gui-cloth: 2.2.0
[06:16:47] [Render thread/INFO] - conditional-mixin: 0.3.0
[06:16:47] [Render thread/INFO] - configured: 2.0.0
[06:16:47] [Render thread/INFO] - connectivity: 1.19.2-3.8
[06:16:47] [Render thread/INFO] - continuity: 2.0.2+1.19
[06:16:47] [Render thread/INFO] - controlling: 10.0+7
[06:16:47] [Render thread/INFO] - corgilib: 1.0.0.32
[06:16:47] [Render thread/INFO] - crawl: 0.11.1
[06:16:47] [Render thread/INFO] - creaturesfromthesnow: 4.1.0+1.19.2
[06:16:47] [Render thread/INFO] - culturaldelights: 0.14.9+1.19.2
[06:16:47] [Render thread/INFO] - customportalapi: 0.0.1-beta54-1.19
[06:16:47] [Render thread/INFO] - darkpaintings: 13.1.5
[06:16:47] [Render thread/INFO] - dawn: 3.5.0
[06:16:47] [Render thread/INFO] - debugify: 2.8.0
[06:16:47] [Render thread/INFO] - decorative_blocks: 3.0.0
[06:16:47] [Render thread/INFO] - deeperdarker: 1.1.6
[06:16:47] [Render thread/INFO] - deepslatecutting: 1.5.0
[06:16:47] [Render thread/INFO] - dev_isxander_settxi_settxi-core: 2.10.5
[06:16:47] [Render thread/INFO] - dev_isxander_settxi_settxi-gui: 2.10.5
[06:16:47] [Render thread/INFO] - dev_isxander_settxi_settxi-kotlinx-serialization: 2.10.5
[06:16:47] [Render thread/INFO] - diagonalfences: 4.2.3
[06:16:47] [Render thread/INFO] - disable_custom_worlds_advice: 3.0
[06:16:47] [Render thread/INFO] - dragonloot: 1.1.2
[06:16:47] [Render thread/INFO] - drippyloadingscreen: 1.6.6
[06:16:47] [Render thread/INFO] - duckling: 2.0.8
[06:16:47] [Render thread/INFO] - dungeons_arise: 2.1.54
[06:16:47] [Render thread/INFO] - easyanvils: 4.0.10
[06:16:47] [Render thread/INFO] - easymagic: 4.3.3
[06:16:47] [Render thread/INFO] - ecologics: 2.1.11
[06:16:47] [Render thread/INFO] - edenring: 0.6.4
[06:16:47] [Render thread/INFO] - elytraslot: 6.1.0+1.19.2
[06:16:47] [Render thread/INFO] - emotecraft: 2.2.7-b.build.48
[06:16:47] [Render thread/INFO] - enchdesc: 13.0.14
[06:16:47] [Render thread/INFO] - entity_texture_features: 4.3.3
[06:16:47] [Render thread/INFO] - entityculling: 1.6.1-mc1.19.2
[06:16:47] [Render thread/INFO] - equipmentcompare: 1.3.1
[06:16:47] [Render thread/INFO] - error_notifier: 1.0.9
[06:16:47] [Render thread/INFO] - everycomp: 1.19.2-2.3.4
[06:16:47] [Render thread/INFO] - expandeddelight: 0.2.5.2
[06:16:47] [Render thread/INFO] - explorify-fabric: 1.19-1.3.0
[06:16:47] [Render thread/INFO] - extended_armor_bars: 1.2.1
[06:16:47] [Render thread/INFO] - fabric-api: 0.76.0+1.19.2
[06:16:47] [Render thread/INFO] - fabric-api: 0.76.0+1.19.2
[06:16:47] [Render thread/INFO] - fabric-api-base: 0.4.15+8f4e8eb390
[06:16:47] [Render thread/INFO] - fabric-api-lookup-api-v1: 1.6.14+93d8cb8290
[06:16:47] [Render thread/INFO] - fabric-biome-api-v1: 9.1.1+16f1e31390
[06:16:47] [Render thread/INFO] - fabric-block-api-v1: 1.0.2+e415d50e90
[06:16:47] [Render thread/INFO] - fabric-blockrenderlayer-v1: 1.1.25+cafc6e8e90
[06:16:47] [Render thread/INFO] - fabric-client-tags-api-v1: 1.0.5+b35fea8390
[06:16:47] [Render thread/INFO] - fabric-command-api-v1: 1.2.16+f71b366f90
[06:16:47] [Render thread/INFO] - fabric-command-api-v2: 2.2.1+413cbbc790
[06:16:47] [Render thread/INFO] - fabric-commands-v0: 0.2.33+df3654b390
[06:16:47] [Render thread/INFO] - fabric-containers-v0: 0.1.41+df3654b390
[06:16:47] [Render thread/INFO] - fabric-content-registries-v0: 3.5.2+7c6cd14d90
[06:16:47] [Render thread/INFO] - fabric-convention-tags-v1: 1.3.0+4bc6e26290
[06:16:47] [Render thread/INFO] - fabric-crash-report-info-v1: 0.2.8+aeb40ebe90
[06:16:47] [Render thread/INFO] - fabric-data-generation-api-v1: 5.3.8+413cbbc790
[06:16:47] [Render thread/INFO] - fabric-dimensions-v1: 2.1.35+0d0f210290
[06:16:47] [Render thread/INFO] - fabric-entity-events-v1: 1.5.4+9244241690
[06:16:47] [Render thread/INFO] - fabric-events-interaction-v0: 0.4.34+562bff6e90
[06:16:47] [Render thread/INFO] - fabric-events-lifecycle-v0: 0.2.36+df3654b390
[06:16:47] [Render thread/INFO] - fabric-game-rule-api-v1: 1.0.24+b6b6abb490
[06:16:47] [Render thread/INFO] - fabric-item-api-v1: 1.6.6+b7d1888890
[06:16:47] [Render thread/INFO] - fabric-item-groups-v0: 0.3.39+9244241690
[06:16:47] [Render thread/INFO] - fabric-key-binding-api-v1: 1.0.25+5c4fce2890
[06:16:47] [Render thread/INFO] - fabric-keybindings-v0: 0.2.23+df3654b390
[06:16:47] [Render thread/INFO] - fabric-language-kotlin: 1.9.3+kotlin.1.8.20
[06:16:47] [Render thread/INFO] - fabric-lifecycle-events-v1: 2.2.4+1b46dc7890
[06:16:47] [Render thread/INFO] - fabric-loot-api-v2: 1.1.13+83a8659290
[06:16:47] [Render thread/INFO] - fabric-loot-tables-v1: 1.1.16+9e7660c690
[06:16:47] [Render thread/INFO] - fabric-message-api-v1: 5.0.7+93d8cb8290
[06:16:47] [Render thread/INFO] - fabric-mining-level-api-v1: 2.1.24+33fbc73890
[06:16:47] [Render thread/INFO] - fabric-models-v0: 0.3.21+c6af733c90
[06:16:47] [Render thread/INFO] - fabric-networking-api-v1: 1.2.11+10eb22f490
[06:16:47] [Render thread/INFO] - fabric-networking-v0: 0.3.28+df3654b390
[06:16:47] [Render thread/INFO] - fabric-object-builder-api-v1: 4.2.2+d8ef690890
[06:16:47] [Render thread/INFO] - fabric-particles-v1: 1.0.14+4d0d570390
[06:16:47] [Render thread/INFO] - fabric-permissions-api-v0: 0.1-SNAPSHOT
[06:16:47] [Render thread/INFO] - fabric-recipe-api-v1: 1.0.1+413cbbc790
[06:16:47] [Render thread/INFO] - fabric-registry-sync-v0: 0.9.32+9244241690
[06:16:47] [Render thread/INFO] - fabric-renderer-api-v1: 1.2.1+1adbf27790
[06:16:47] [Render thread/INFO] - fabric-renderer-indigo: 0.8.0+1adbf27790
[06:16:47] [Render thread/INFO] - fabric-renderer-registries-v1: 3.2.24+df3654b390
[06:16:47] [Render thread/INFO] - fabric-rendering-data-attachment-v1: 0.3.19+6e0787e690
[06:16:47] [Render thread/INFO] - fabric-rendering-fluids-v1: 3.0.11+4d0d570390
[06:16:47] [Render thread/INFO] - fabric-rendering-v0: 1.1.27+df3654b390
[06:16:47] [Render thread/INFO] - fabric-rendering-v1: 1.12.1+d8ef690890
[06:16:47] [Render thread/INFO] - fabric-resource-conditions-api-v1: 2.1.2+aae9039d90
[06:16:47] [Render thread/INFO] - fabric-resource-loader-v0: 0.8.4+edbdcddb90
[06:16:47] [Render thread/INFO] - fabric-screen-api-v1: 1.0.32+4d0d570390
[06:16:47] [Render thread/INFO] - fabric-screen-handler-api-v1: 1.3.7+1cc24b1b90
[06:16:47] [Render thread/INFO] - fabric-sound-api-v1: 1.0.2+c4f28df590
[06:16:47] [Render thread/INFO] - fabric-textures-v0: 1.0.24+aeb40ebe90
[06:16:47] [Render thread/INFO] - fabric-transfer-api-v1: 2.1.6+413cbbc790
[06:16:47] [Render thread/INFO] - fabric-transitive-access-wideners-v1: 1.3.3+08b73de490
[06:16:47] [Render thread/INFO] - fabricloader: 0.14.19
[06:16:47] [Render thread/INFO] - fabrishot: 1.9.1
[06:16:47] [Render thread/INFO] - fake-player-api: 0.5.0
[06:16:47] [Render thread/INFO] - fallingtree: 3.10.0
[06:16:47] [Render thread/INFO] - fancymenu: 2.13.3
[06:16:47] [Render thread/INFO] - farmersdelight: 1.19.2-1.3.9
[06:16:47] [Render thread/INFO] - farmersknives: 2.4
[06:16:47] [Render thread/INFO] - farmersrespite: 2.2.4
[06:16:47] [Render thread/INFO] - farsight: 1.19-2.4
[06:16:47] [Render thread/INFO] - ferritecore: 5.0.3
[06:16:47] [Render thread/INFO] - fiber: 0.23.0-2
[06:16:47] [Render thread/INFO] - forge_tags: 3.0
[06:16:47] [Render thread/INFO] - forgeconfigapiport: 4.2.11
[06:16:47] [Render thread/INFO] - frame: 0.26.1+1.19-fabric
[06:16:47] [Render thread/INFO] - frame-api-base: 0.2.1+906ebc04a9
[06:16:47] [Render thread/INFO] - frame-blocks-v0: 0.1.3+233e7428a9
[06:16:47] [Render thread/INFO] - frame-config-v0: 0.3.1+0fa45150a9
[06:16:47] [Render thread/INFO] - frame-content-registries-v0: 0.4.0+2876b511a9
[06:16:47] [Render thread/INFO] - frame-enchantments-v0: 0.1.0+4093105da9
[06:16:47] [Render thread/INFO] - frame-game-rules-v0: 0.2.4+e7ce56a6a9
[06:16:47] [Render thread/INFO] - frame-items-v0: 0.1.3+906ebc04a9
[06:16:47] [Render thread/INFO] - frame-loot-tables-v0: 0.1.4+4f7341eca9
[06:16:47] [Render thread/INFO] - frame-registries-v0: 0.1.1+0e0ec74ea9
[06:16:47] [Render thread/INFO] - frame-rendering-v0: 0.1.5+906ebc04a9
[06:16:47] [Render thread/INFO] - frame-tabbed-item-groups-v0: 0.2.4+0aca9b56a9
[06:16:47] [Render thread/INFO] - frame-toymaker-v0: 0.6.1+b13741c3a9
[06:16:47] [Render thread/INFO] - frame-woods-v0: 0.2.1+6a33fbada9
[06:16:47] [Render thread/INFO] - friendsandfoes: 1.8.1
[06:16:47] [Render thread/INFO] - frostiful: 0.4.2
[06:16:47] [Render thread/INFO] - ftblibrary: 1902.3.16-build.193
[06:16:47] [Render thread/INFO] - ftbquests: 1902.4.10-build.202
[06:16:47] [Render thread/INFO] - ftbteams: 1902.2.13-build.100
[06:16:47] [Render thread/INFO] - fwaystones: 3.0.7+mc1.19.2
[06:16:47] [Render thread/INFO] - galosphere: 1.19.2-1.2.2
[06:16:47] [Render thread/INFO] - geckolib3: 3.1.40
[06:16:47] [Render thread/INFO] - geodes: 1.6.4+1.19
[06:16:47] [Render thread/INFO] - geophilic-fabric: 1.19-1.2.2
[06:16:47] [Render thread/INFO] - go-fish: 1.6.0-1.19.1
[06:16:47] [Render thread/INFO] - goblintraders: 1.8.1
[06:16:47] [Render thread/INFO] - goodall: 1.2.0
[06:16:47] [Render thread/INFO] - guardvillagers: 1.19.2-1.0.16
[06:16:47] [Render thread/INFO] - gud_recipe_confidence: 1.0.2
[06:16:47] [Render thread/INFO] - handcrafted: 2.0.6
[06:16:47] [Render thread/INFO] - here-be-no-dragons: 1.0.0
[06:16:47] [Render thread/INFO] - highlighter: 1.1.4
[06:16:47] [Render thread/INFO] - iceberg: 1.0.46
[06:16:47] [Render thread/INFO] - immediatelyfast: 1.1.12
[06:16:47] [Render thread/INFO] - immersive_weathering: 1.19.2-1.2.9
[06:16:47] [Render thread/INFO] - incubus_core: 1.8.0
[06:16:47] [Render thread/INFO] - indium: 1.0.9+mc1.19.2
[06:16:47] [Render thread/INFO] - inmis: 2.7.1-1.19
[06:16:47] [Render thread/INFO] - inmisaddon: 1.0.4
[06:16:47] [Render thread/INFO] - inventoryhud: 3.4.7
[06:16:47] [Render thread/INFO] - io_github_douira_glsl-transformer: 2.0.0-pre12
[06:16:47] [Render thread/INFO] - iris: 1.6.0
[06:16:47] [Render thread/INFO] - itemfilters: 1902.2.9-build.46
[06:16:47] [Render thread/INFO] - itemmodelfix: 1.0.3+1.19
[06:16:47] [Render thread/INFO] - jade: 8.7.2
[06:16:47] [Render thread/INFO] - jamlib: 0.6.0+1.19
[06:16:47] [Render thread/INFO] - java: 17
[06:16:47] [Render thread/INFO] - javax_annotation_javax_annotation-api: 1.3.2
[06:16:47] [Render thread/INFO] - kambrik: 4.0-1.19.2
[06:16:47] [Render thread/INFO] - kiwi: 8.3.3
[06:16:47] [Render thread/INFO] - kleeslabs: 12.2.0
[06:16:47] [Render thread/INFO] - konkrete: 1.6.0
[06:16:47] [Render thread/INFO] - krypton: 0.2.1
[06:16:47] [Render thread/INFO] - lambdabettergrass: 1.3.0+1.19
[06:16:47] [Render thread/INFO] - lambdynlights: 2.2.0+1.19.2
[06:16:47] [Render thread/INFO] - languagereload: 1.5.6+1.19.2
[06:16:47] [Render thread/INFO] - lazydfu: 0.1.3
[06:16:47] [Render thread/INFO] - leavesbegone: 4.0.1
[06:16:47] [Render thread/INFO] - letmedespawn: fabric-1.0.2
[06:16:47] [Render thread/INFO] - lithium: 0.11.1
[06:16:47] [Render thread/INFO] - logbegone: 1.0.5
[06:16:47] [Render thread/INFO] - lootintegrations: 1.19.3-3.1
[06:16:47] [Render thread/INFO] - maelstrom_library: 1.3-1.19-pre1
[06:16:47] [Render thread/INFO] - magnumtorch: 4.2.1
[06:16:47] [Render thread/INFO] - maybe-data: 1.3.2-1.19-rc2
[06:16:47] [Render thread/INFO] - meadow: 1.1.1
[06:16:47] [Render thread/INFO] - memoryleakfix: 1.0.0
[06:16:47] [Render thread/INFO] - midnightlib: 1.0.0
[06:16:47] [Render thread/INFO] - minecraft: 1.19.2
[06:16:47] [Render thread/INFO] - mixintrace: 1.1.1+1.17
[06:16:47] [Render thread/INFO] - mm: 2.3
[06:16:47] [Render thread/INFO] - modmenu: 4.2.0-beta.2
[06:16:47] [Render thread/INFO] - moonlight: 1.19.2-2.2.29
[06:16:47] [Render thread/INFO] - moreculling: 1.19.1-0.17.0
[06:16:47] [Render thread/INFO] - mousetweaks: 2.22
[06:16:47] [Render thread/INFO] - mru: 0.1.5+1.19.2
[06:16:47] [Render thread/INFO] - multipart_entities: 1.2-1.19-pre1
[06:16:47] [Render thread/INFO] - naturalist: 2.1.1
[06:16:47] [Render thread/INFO] - naturescompass: 1.19.2-2.1.0-fabric
[06:16:47] [Render thread/INFO] - net_fabricmc_mapping-io: 0.3.0
[06:16:47] [Render thread/INFO] - net_lenni0451_reflect: 1.1.0
[06:16:47] [Render thread/INFO] - netherdepthsupgrade: fabric-2.0.4-1.19.2
[06:16:47] [Render thread/INFO] - netherportalfix: 10.0.1
[06:16:47] [Render thread/INFO] - nethersdelight: 1.0.1
[06:16:47] [Render thread/INFO] - nicer-skies: 1.2.0
[06:16:47] [Render thread/INFO] - nightconfigfixes: 4.0.7
[06:16:47] [Render thread/INFO] - nochatreports: 1.19.2-v1.13.12
[06:16:47] [Render thread/INFO] - nofade: 1.18-2.0.1
[06:16:47] [Render thread/INFO] - notenoughanimations: 1.6.2
[06:16:47] [Render thread/INFO] - oceansdelight: 1.0.0
[06:16:47] [Render thread/INFO] - omega-config: 1.2.3-1.18.1
[06:16:47] [Render thread/INFO] - onsoulfire: 1.19-2
[06:16:47] [Render thread/INFO] - openpartiesandclaims: 0.17.2
[06:16:47] [Render thread/INFO] - org_anarres_jcpp: 1.4.14
[06:16:47] [Render thread/INFO] - org_antlr_antlr4-runtime: 4.11.1
[06:16:47] [Render thread/INFO] - org_apache_httpcomponents_httpmime: 4.5.10
[06:16:47] [Render thread/INFO] - org_javassist_javassist: 3.28.0-GA
[06:16:47] [Render thread/INFO] - org_jetbrains_kotlin_kotlin-reflect: 1.8.20
[06:16:47] [Render thread/INFO] - org_jetbrains_kotlin_kotlin-stdlib: 1.8.20
[06:16:47] [Render thread/INFO] - org_jetbrains_kotlin_kotlin-stdlib-jdk7: 1.8.20
[06:16:47] [Render thread/INFO] - org_jetbrains_kotlin_kotlin-stdlib-jdk8: 1.8.20
[06:16:47] [Render thread/INFO] - org_jetbrains_kotlinx_atomicfu-jvm: 0.20.1
[06:16:47] [Render thread/INFO] - org_jetbrains_kotlinx_kotlinx-coroutines-core-jvm: 1.6.4
[06:16:47] [Render thread/INFO] - org_jetbrains_kotlinx_kotlinx-coroutines-jdk8: 1.6.4
[06:16:47] [Render thread/INFO] - org_jetbrains_kotlinx_kotlinx-datetime-jvm: 0.4.0
[06:16:47] [Render thread/INFO] - org_jetbrains_kotlinx_kotlinx-serialization-cbor-jvm: 1.5.0
[06:16:47] [Render thread/INFO] - org_jetbrains_kotlinx_kotlinx-serialization-core-jvm: 1.5.0
[06:16:47] [Render thread/INFO] - org_jetbrains_kotlinx_kotlinx-serialization-json-jvm: 1.5.0
[06:16:47] [Render thread/INFO] - org_joml_joml: 1.10.4
[06:16:47] [Render thread/INFO] - org_reflections_reflections: 0.10.2
[06:16:47] [Render thread/INFO] - org_yaml_snakeyaml: 1.27
[06:16:47] [Render thread/INFO] - owo: 0.9.3+1.19
[06:16:47] [Render thread/INFO] - oxidized: 1.7.2
[06:16:47] [Render thread/INFO] - packetpray: 1.0-SNAPSHOT
[06:16:47] [Render thread/INFO] - paintings: 10.2.4.0
[06:16:47] [Render thread/INFO] - paradise_lost: 2.0.2-beta+1.19.2
[06:16:47] [Render thread/INFO] - paragon: 3.0.2
[06:16:47] [Render thread/INFO] - patchouli: 1.19.2-77-FABRIC
[06:16:47] [Render thread/INFO] - paxi: 1.19.2-Fabric-3.0.1
[06:16:47] [Render thread/INFO] - pickupnotifier: 4.2.4
[06:16:47] [Render thread/INFO] - ping-wheel: 1.3.0
[06:16:47] [Render thread/INFO] - player-animator: 1.0.2
[06:16:47] [Render thread/INFO] - plushies: 1.2
[06:16:47] [Render thread/INFO] - polymorph: 0.46.1+1.19.2
[06:16:47] [Render thread/INFO] - porting_lib: 2.1.727+1.19.2
[06:16:47] [Render thread/INFO] - porting_lib_accessors: 2.1.727+1.19.2
[06:16:47] [Render thread/INFO] - porting_lib_attributes: 2.1.727+1.19.2
[06:16:47] [Render thread/INFO] - porting_lib_base: 2.1.727+1.19.2
[06:16:47] [Render thread/INFO] - porting_lib_common: 2.1.727+1.19.2
[06:16:47] [Render thread/INFO] - porting_lib_constants: 2.1.727+1.19.2
[06:16:47] [Render thread/INFO] - porting_lib_entity: 2.1.727+1.19.2
[06:16:47] [Render thread/INFO] - porting_lib_extensions: 2.1.727+1.19.2
[06:16:47] [Render thread/INFO] - porting_lib_fake_players: 2.1.727+1.19.2
[06:16:47] [Render thread/INFO] - porting_lib_lazy_registration: 2.1.727+1.19.2
[06:16:47] [Render thread/INFO] - porting_lib_model_generators: 2.1.727+1.19.2
[06:16:47] [Render thread/INFO] - porting_lib_model_loader: 2.1.727+1.19.2
[06:16:47] [Render thread/INFO] - porting_lib_models: 2.1.727+1.19.2
[06:16:47] [Render thread/INFO] - porting_lib_networking: 2.1.727+1.19.2
[06:16:47] [Render thread/INFO] - porting_lib_obj_loader: 2.1.727+1.19.2
[06:16:47] [Render thread/INFO] - porting_lib_transfer: 2.1.727+1.19.2
[06:16:47] [Render thread/INFO] - pride: 1.1.2+1.19
[06:16:47] [Render thread/INFO] - publicguiannouncement: 4.3.3
[06:16:47] [Render thread/INFO] - puzzle: 1.4.2-1.19
[06:16:47] [Render thread/INFO] - puzzle-base: 1.4.2-1.19
[06:16:47] [Render thread/INFO] - puzzle-gui: 1.4.2-1.19
[06:16:47] [Render thread/INFO] - puzzle-models: 1.4.2-1.19
[06:16:47] [Render thread/INFO] - puzzle-splashscreen: 1.4.2-1.19
[06:16:47] [Render thread/INFO] - puzzleslib: 4.3.12
[06:16:47] [Render thread/INFO] - quartzelv: 2.1.5+1.19
[06:16:47] [Render thread/INFO] - reach-entity-attributes: 2.3.0
[06:16:47] [Render thread/INFO] - reacharound: 1.1.2
[06:16:47] [Render thread/INFO] - rebind_narrator: 2.0.0
[06:16:47] [Render thread/INFO] - reeses-sodium-options: 1.4.9+mc1.19.2-build.67
[06:16:47] [Render thread/INFO] - repurposed_structures: 6.3.21+1.19.2
[06:16:47] [Render thread/INFO] - resourcefullib: 1.1.24
[06:16:47] [Render thread/INFO] - resourcepackoverrides: 4.0.4
[06:16:47] [Render thread/INFO] - rhino: 1902.2.2-build.268
[06:16:47] [Render thread/INFO] - rightclickharvest: 3.1.0+1.19-1.19.2
[06:16:47] [Render thread/INFO] - rottencreatures: 1.0.1
[06:16:47] [Render thread/INFO] - roughly_enough_loot_tables: 1.19-1.0
[06:16:47] [Render thread/INFO] - roughly_enough_trades: 1.19-1.0
[06:16:47] [Render thread/INFO] - roughlyenoughitems: 9.1.595
[06:16:47] [Render thread/INFO] - roughlyenoughprofessions: 1.1.4
[06:16:47] [Render thread/INFO] - roughlyenoughresources: 2.6.0
[06:16:47] [Render thread/INFO] - satin: 1.9.0
[06:16:47] [Render thread/INFO] - sdrp: 3.0.4-build.27+mc1.19.2
[06:16:47] [Render thread/INFO] - seasons: 1.4-BETA+1.19
[06:16:47] [Render thread/INFO] - serialization_hooks: 0.3.26
[06:16:47] [Render thread/INFO] - serverbrowser: 1.0.3
[06:16:47] [Render thread/INFO] - settxi-gui-yacl: 2.10.5
[06:16:47] [Render thread/INFO] - skinlayers: 1.5.2-mc1.19.1
[06:16:47] [Render thread/INFO] - smarterfarmers: 1.19.2-1.7.2
[06:16:47] [Render thread/INFO] - smoothboot: 1.19-1.7.1
[06:16:47] [Render thread/INFO] - smoothchunk: 1.19.1-2.0
[06:16:47] [Render thread/INFO] - snowrealmagic: 5.1.0
[06:16:47] [Render thread/INFO] - snowundertrees: 1.0.0+1.19.2
[06:16:47] [Render thread/INFO] - snowyspirit: 1.19.2-2.1.10
[06:16:47] [Render thread/INFO] - sod: 22.10.13
[06:16:47] [Render thread/INFO] - sodium: 0.4.4+build.18
[06:16:47] [Render thread/INFO] - sodium-extra: 0.4.16+mc1.19.2-build.90
[06:16:47] [Render thread/INFO] - sound_physics_remastered: 1.19.2-1.0.18
[06:16:47] [Render thread/INFO] - spark: 1.10.34
[06:16:47] [Render thread/INFO] - spectrelib: 0.12.4+1.19.2
[06:16:47] [Render thread/INFO] - spirit: 2.2.4
[06:16:47] [Render thread/INFO] - spruceui: 4.1.0+1.19.2
[06:16:47] [Render thread/INFO] - stackdeobfuscator: 1.3.1+fabric.d71a3c3
[06:16:47] [Render thread/INFO] - starlight: 1.1.1+fabric.ae22326
[06:16:47] [Render thread/INFO] - starterkit: 5.2
[06:16:47] [Render thread/INFO] - static-content: 1.0.1-1.16.2
[06:16:47] [Render thread/INFO] - staticdata: 1.1.2
[06:16:47] [Render thread/INFO] - strawgolem: 2.0.0-beta.5
[06:16:47] [Render thread/INFO] - structory: 1.0.1
[06:16:47] [Render thread/INFO] - structureessentials: 1.19.2-2.5
[06:16:47] [Render thread/INFO] - structurized-reborn: 1.19-01
[06:16:47] [Render thread/INFO] - supplementaries: 1.19.2-2.3.2
[06:16:47] [Render thread/INFO] - takesapillage: 1.0.4
[06:16:47] [Render thread/INFO] - tcdcommons: 2.4+1.19.2
[06:16:47] [Render thread/INFO] - team_reborn_energy: 2.2.0
[06:16:47] [Render thread/INFO] - terrablender: 2.0.1.136
[06:16:47] [Render thread/INFO] - terraform-biome-remapper-api-v1: 4.2.0
[06:16:47] [Render thread/INFO] - terraform-config-api-v1: 4.2.0
[06:16:47] [Render thread/INFO] - terraform-dirt-api-v1: 4.2.0
[06:16:47] [Render thread/INFO] - terraform-shapes-api-v1: 4.2.0
[06:16:47] [Render thread/INFO] - terraform-surfaces-api-v1: 4.2.0
[06:16:47] [Render thread/INFO] - terraform-tree-api-v1: 4.2.0
[06:16:47] [Render thread/INFO] - terraform-wood-api-v1: 4.2.0
[06:16:47] [Render thread/INFO] - terrestria: 5.0.8
[06:16:47] [Render thread/INFO] - terrestria-client: 5.0.8
[06:16:47] [Render thread/INFO] - terrestria-common: 5.0.8
[06:16:47] [Render thread/INFO] - terrestria-worldgen: 5.0.8
[06:16:47] [Render thread/INFO] - the_bumblezone: 6.7.8+1.19.2
[06:16:47] [Render thread/INFO] - thonkutil: 2.15.4+1.19
[06:16:47] [Render thread/INFO] - thonkutil-base: 1.13.2+4a8c408a57
[06:16:47] [Render thread/INFO] - thonkutil-capes-v1: 1.4.2+3eb2749857
[06:16:47] [Render thread/INFO] - thonkutil-coords-v1: 1.1.2+8ff533c957
[06:16:47] [Render thread/INFO] - thonkutil-customization-v1: 1.1.2+8ff533c957
[06:16:47] [Render thread/INFO] - thonkutil-legacy: 1.1.2+5d4263f557
[06:16:47] [Render thread/INFO] - thonkutil-modchecker-v1: 1.1.3+bd4b387957
[06:16:47] [Render thread/INFO] - thonkutil-potions-v0: 1.5.2+8ff533c957
[06:16:47] [Render thread/INFO] - thonkutil-titlescreen-v1: 1.2.2+8ff533c957
[06:16:47] [Render thread/INFO] - thonkutil-trades-v1: 1.2.2+8ff533c957
[06:16:47] [Render thread/INFO] - tipsmod: 8.0.27
[06:16:47] [Render thread/INFO] - toms_storage: 1.5.4
[06:16:47] [Render thread/INFO] - toolstats: 12.0.2
[06:16:47] [Render thread/INFO] - tradingpost: 4.2.0
[06:16:47] [Render thread/INFO] - transparent: 5.1.2
[06:16:47] [Render thread/INFO] - trinkets: 3.4.2
[06:16:47] [Render thread/INFO] - twigs: 2.0.0-beta.9+1.19-fabric
[06:16:47] [Render thread/INFO] - twilightforest: 4.2.335
[06:16:47] [Render thread/INFO] - universal_ores: 1.4.2
[06:16:47] [Render thread/INFO] - unsafe-world-random-access-detector: 1.1.0
[06:16:47] [Render thread/INFO] - variantcraftingtables: 3.2.9
[06:16:47] [Render thread/INFO] - veinmining: 1.1.1+1.19.2
[06:16:47] [Render thread/INFO] - villagernames: 4.5.1
[06:16:47] [Render thread/INFO] - villagersplus: 1.9
[06:16:47] [Render thread/INFO] - vinery: 1.2.3
[06:16:47] [Render thread/INFO] - visuality: 0.5.6
[06:16:47] [Render thread/INFO] - visualworkbench: 4.2.4
[06:16:47] [Render thread/INFO] - voidtotem: 2.1.0
[06:16:47] [Render thread/INFO] - voidz: 1.0.9
[06:16:47] [Render thread/INFO] - windchimes: 1.2.1
[06:16:47] [Render thread/INFO] - winterly: 0.8.3
[06:16:47] [Render thread/INFO] - wolfarmorcompat: 1.0.2-1.19.2
[06:16:47] [Render thread/INFO] - wolveswitharmor: 1.8.0-1.19
[06:16:47] [Render thread/INFO] - wondrouswilds: 1.19.2-1.1.6
[06:16:47] [Render thread/INFO] - woof: 4.0.1-1.19.2
[06:16:47] [Render thread/INFO] - xaerominimap: 23.3.3
[06:16:47] [Render thread/INFO] - xaeroworldmap: 1.29.5
[06:16:47] [Render thread/INFO] - xlpackets: 1.19.2-4
[06:16:47] [Render thread/INFO] - xp_storage: 1.4.3+1.19
[06:16:47] [Render thread/INFO] - xp_storage_trinkets: 0.1+1.19
[06:16:47] [Render thread/INFO] - yet-another-config-lib: 2.2.0-for-1.19.2
[06:16:47] [Render thread/INFO] - yigd: 1.4.8
[06:16:47] [Render thread/INFO] - yosbr: 0.1.1
[06:16:47] [Render thread/INFO] - ysns: 1.0.1
[06:16:47] [Render thread/INFO] - yungsapi: 1.19.2-Fabric-3.8.9
[06:16:47] [Render thread/INFO] - yungsbridges: 1.19.2-Fabric-3.1.0
[06:16:47] [Render thread/INFO] - yungsextras: 1.19.2-Fabric-3.1.0
[06:16:47] [Render thread/INFO] - zoomify: 2.9.0
[06:16:47] [Render thread/INFO] ========================================
[06:16:47] [Render thread/DEBUG] [REI] Added filtering rule [roughlyenoughitems:search]: INSTANCE
[06:16:47] [Render thread/DEBUG] [REI] Added filtering rule [roughlyenoughitems:manual]: INSTANCE
[06:16:47] [Render thread/DEBUG] [REI] Added filtering rule [roughlyenoughitems:basic]: INSTANCE
[06:16:47] [Render thread/INFO] [REI] Config loaded
[06:16:47] [Render thread/DEBUG] [REI] Config saved
[06:16:47] [Render thread/INFO] [REI] Registered plugin provider ReltServer [roughly_enough_loot_tables] for REIPlugin
[06:16:47] [Render thread/INFO] [REI] Registered plugin provider DefaultPlugin [roughlyenoughitems] for REIPlugin
[06:16:47] [Render thread/INFO] [REI] Registered plugin provider DefaultRuntimePlugin [roughlyenoughitems] for REIPlugin
[06:16:47] [Render thread/INFO] [REI] Registered plugin provider TwilightForestREIServerPlugin [twilightforest] for REIPlugin
[06:16:47] [Render thread/INFO] [REI] Registered plugin provider APPlugin [architects_palette] for REIPlugin
[06:16:47] [Render thread/INFO] [REI] Registered plugin provider REIPlugin [betterend] for REIPlugin
[06:16:47] [Render thread/INFO] [REI] Registered plugin provider CharmReiClientPlugin [charm] for REIPlugin
[06:16:47] [Render thread/INFO] [REI] Registered plugin provider DBServerPlugin [decorative_blocks] for REIPlugin
[06:16:47] [Render thread/INFO] [REI] Registered plugin provider DBClientPlugin [decorative_blocks] for REIPlugin
[06:16:47] [Render thread/INFO] [REI] Registered plugin provider ExpandedDelightREI [expandeddelight] for REIPlugin
[06:16:47] [Render thread/INFO] [REI] Registered plugin provider FarmersDelightModREI [farmersdelight] for REIPlugin
[06:16:47] [Render thread/INFO] [REI] Registered plugin provider REIPlugin [farmersrespite] for REIPlugin
[06:16:47] [Render thread/INFO] [REI] Registered plugin provider REIIntegration [ftblibrary] for REIPlugin
[06:16:47] [Render thread/INFO] [REI] Registered plugin provider FTBQuestsREIIntegration [ftbquests] for REIPlugin
[06:16:47] [Render thread/INFO] [REI] Registered plugin provider MeadowReiClientPlugin [meadow] for REIPlugin
[06:16:47] [Render thread/INFO] [REI] Registered plugin provider REIPlugin [nethersdelight] for REIPlugin
[06:16:47] [Render thread/INFO] [REI] Registered plugin provider OwoReiPlugin [owo] for REIPlugin
[06:16:47] [Render thread/INFO] [REI] Registered plugin provider OxidizedREIPlugin [oxidized] for REIPlugin
[06:16:47] [Render thread/INFO] [REI] Registered plugin provider ReltClient [roughly_enough_loot_tables] for REIPlugin
[06:16:47] [Render thread/INFO] [REI] Registered plugin provider ClientPlugin [roughly_enough_trades] for REIPlugin
[06:16:47] [Render thread/INFO] [REI] Registered plugin provider DefaultClientPlugin [roughlyenoughitems] for REIPlugin
[06:16:47] [Render thread/INFO] [REI] Registered plugin provider DefaultClientRuntimePlugin [roughlyenoughitems] for REIPlugin
[06:16:47] [Render thread/DEBUG] [REI] Added filtering rule [roughlyenoughitems:hidden_from_recipe_viewers]: INSTANCE
[06:16:47] [Render thread/INFO] [REI] Registered plugin provider HideIngredientsFromTagsPlugin [roughlyenoughitems] for REIPlugin
[06:16:47] [Render thread/INFO] [REI] Registered plugin provider REPClientPlugin [roughlyenoughprofessions] for REIPlugin
[06:16:47] [Render thread/INFO] [REI] Registered plugin provider PluginEntry [roughlyenoughresources] for REIPlugin
[06:16:47] [Render thread/INFO] [REI] Registered plugin provider SpiritPlugin [spirit] for REIPlugin
[06:16:47] [Render thread/INFO] [REI] Registered plugin provider REICompat [supplementaries] for REIPlugin
[06:16:47] [Render thread/INFO] [REI] Registered plugin provider REICompat [the_bumblezone] for REIPlugin
[06:16:47] [Render thread/INFO] [REI] Registered plugin provider REIPlugin [toms_storage] for REIPlugin
[06:16:47] [Render thread/INFO] [REI] Registered plugin provider TwilightForestREIClientPlugin [twilightforest] for REIPlugin
[06:16:47] [Render thread/INFO] [REI] Registered plugin provider VineryReiClientPlugin [vinery] for REIPlugin
[06:16:47] [Render thread/INFO] [REI] Registered plugin provider ReltServer [roughly_enough_loot_tables] for REIServerPlugin
[06:16:47] [Render thread/INFO] [REI] Registered plugin provider DefaultPlugin [roughlyenoughitems] for REIServerPlugin
[06:16:47] [Render thread/INFO] [REI] Registered plugin provider DefaultRuntimePlugin [roughlyenoughitems] for REIServerPlugin
[06:16:47] [Render thread/INFO] [REI] Registered plugin provider TwilightForestREIServerPlugin [twilightforest] for REIServerPlugin
[06:16:47] [Render thread/INFO] [REI] Registered plugin provider DBServerPlugin [decorative_blocks] for REIServerPlugin
[06:16:47] [Render thread/INFO] [REI] Registered plugin provider FabricFluidAPISupportPlugin for REIServerPlugin
[06:16:47] [Render thread/INFO] [REI] Registered plugin provider FabricFluidAPISupportPlugin for REIPlugin
[06:16:54] [Render thread/INFO] [REI] Registered plugin provider APPlugin [architects_palette] for REIClientPlugin
[06:16:54] [Render thread/INFO] [REI] Registered plugin provider REIPlugin [betterend] for REIClientPlugin
[06:16:54] [Render thread/INFO] [REI] Registered plugin provider CharmReiClientPlugin [charm] for REIClientPlugin
[06:16:54] [Render thread/INFO] [REI] Registered plugin provider DBClientPlugin [decorative_blocks] for REIClientPlugin
[06:16:54] [Render thread/INFO] [REI] Registered plugin provider ExpandedDelightREI [expandeddelight] for REIClientPlugin
[06:16:54] [Render thread/INFO] [REI] Registered plugin provider FarmersDelightModREI [farmersdelight] for REIClientPlugin
[06:16:54] [Render thread/INFO] [REI] Registered plugin provider REIPlugin [farmersrespite] for REIClientPlugin
[06:16:54] [Render thread/INFO] [REI] Registered plugin provider REIIntegration [ftblibrary] for REIClientPlugin
[06:16:54] [Render thread/INFO] [REI] Registered plugin provider FTBQuestsREIIntegration [ftbquests] for REIClientPlugin
[06:16:54] [Render thread/INFO] [REI] Registered plugin provider MeadowReiClientPlugin [meadow] for REIClientPlugin
[06:16:54] [Render thread/INFO] [REI] Registered plugin provider REIPlugin [nethersdelight] for REIClientPlugin
[06:16:54] [Render thread/INFO] [REI] Registered plugin provider OwoReiPlugin [owo] for REIClientPlugin
[06:16:54] [Render thread/INFO] [REI] Registered plugin provider OxidizedREIPlugin [oxidized] for REIClientPlugin
[06:16:54] [Render thread/INFO] [REI] Registered plugin provider ReltClient [roughly_enough_loot_tables] for REIClientPlugin
[06:16:54] [Render thread/INFO] [REI] Registered plugin provider ClientPlugin [roughly_enough_trades] for REIClientPlugin
[06:16:54] [Render thread/INFO] [REI] Registered plugin provider DefaultClientPlugin [roughlyenoughitems] for REIClientPlugin
[06:16:54] [Render thread/INFO] [REI] Registered plugin provider DefaultClientRuntimePlugin [roughlyenoughitems] for REIClientPlugin
[06:16:54] [Render thread/INFO] [REI] Registered plugin provider HideIngredientsFromTagsPlugin [roughlyenoughitems] for REIClientPlugin
[06:16:54] [Render thread/INFO] [REI] Registered plugin provider REPClientPlugin [roughlyenoughprofessions] for REIClientPlugin
[06:16:54] [Render thread/INFO] [REI] Registered plugin provider PluginEntry [roughlyenoughresources] for REIClientPlugin
[06:16:54] [Render thread/INFO] [REI] Registered plugin provider SpiritPlugin [spirit] for REIClientPlugin
[06:16:54] [Render thread/INFO] [REI] Registered plugin provider REICompat [supplementaries] for REIClientPlugin
[06:16:54] [Render thread/INFO] [REI] Registered plugin provider REICompat [the_bumblezone] for REIClientPlugin
[06:16:54] [Render thread/INFO] [REI] Registered plugin provider REIPlugin [toms_storage] for REIClientPlugin
[06:16:54] [Render thread/INFO] [REI] Registered plugin provider TwilightForestREIClientPlugin [twilightforest] for REIClientPlugin
[06:16:54] [Render thread/INFO] [REI] Registered plugin provider VineryReiClientPlugin [vinery] for REIClientPlugin
